<?xml version="1.0" encoding="UTF-8"?>
<!-- Generated by org.testng.reporters.JUnitReportReporter -->
<testsuite hostname="LAPTOP-L4PD6TMF" failures="0" tests="3" name="com.notes.tests.e2e.UiApiConsistencyTest" time="183.206" errors="1" timestamp="2026-05-30T18:53:24 IST" skipped="2">
  <testcase classname="com.notes.tests.e2e.UiApiConsistencyTest" name="tc01_uiCreatedNoteMatchesApiResponse" time="59.834">
    <error message="Expected condition failed: waiting for visibility of element located by By.cssSelector: a[href=&#039;/notes/app/notes/add&#039;], button[data-testid=&#039;add-note-button&#039;], a[data-testid=&#039;add-note-button&#039;] (tried for 40 second(s) with 500 milliseconds interval)
Build info: version: &#039;4.18.1&#039;, revision: &#039;b1d3319b48&#039;
System info: os.name: &#039;Windows 11&#039;, os.arch: &#039;amd64&#039;, os.version: &#039;10.0&#039;, java.version: &#039;17.0.18&#039;
Driver info: org.openqa.selenium.chrome.ChromeDriver
Capabilities {acceptInsecureCerts: false, browserName: chrome, browserVersion: 148.0.7778.179, chrome: {chromedriverVersion: 148.0.7778.178 (d096af1c9e9..., userDataDir: C:\Users\Asus\AppData\Local...}, fedcm:accounts: true, goog:chromeOptions: {debuggerAddress: localhost:45163}, goog:processID: 27532, networkConnectionEnabled: false, pageLoadStrategy: normal, platformName: windows, proxy: Proxy(), se:cdp: ws://localhost:45163/devtoo..., se:cdpVersion: 148.0.7778.179, setWindowRect: true, strictFileInteractability: false, timeouts: {implicit: 0, pageLoad: 300000, script: 30000}, unhandledPromptBehavior: dismiss and notify, webauthn:extension:credBlob: true, webauthn:extension:largeBlob: true, webauthn:extension:minPinLength: true, webauthn:extension:prf: true, webauthn:virtualAuthenticators: true}
Session ID: 2200a2509886a278eb9db4d82d273eb7" type="org.openqa.selenium.TimeoutException">
      <![CDATA[org.openqa.selenium.TimeoutException: Expected condition failed: waiting for visibility of element located by By.cssSelector: a[href='/notes/app/notes/add'], button[data-testid='add-note-button'], a[data-testid='add-note-button'] (tried for 40 second(s) with 500 milliseconds interval)
Build info: version: '4.18.1', revision: 'b1d3319b48'
System info: os.name: 'Windows 11', os.arch: 'amd64', os.version: '10.0', java.version: '17.0.18'
Driver info: org.openqa.selenium.chrome.ChromeDriver
Capabilities {acceptInsecureCerts: false, browserName: chrome, browserVersion: 148.0.7778.179, chrome: {chromedriverVersion: 148.0.7778.178 (d096af1c9e9..., userDataDir: C:\Users\Asus\AppData\Local...}, fedcm:accounts: true, goog:chromeOptions: {debuggerAddress: localhost:45163}, goog:processID: 27532, networkConnectionEnabled: false, pageLoadStrategy: normal, platformName: windows, proxy: Proxy(), se:cdp: ws://localhost:45163/devtoo..., se:cdpVersion: 148.0.7778.179, setWindowRect: true, strictFileInteractability: false, timeouts: {implicit: 0, pageLoad: 300000, script: 30000}, unhandledPromptBehavior: dismiss and notify, webauthn:extension:credBlob: true, webauthn:extension:largeBlob: true, webauthn:extension:minPinLength: true, webauthn:extension:prf: true, webauthn:virtualAuthenticators: true}
Session ID: 2200a2509886a278eb9db4d82d273eb7
at org.openqa.selenium.support.ui.WebDriverWait.timeoutException(WebDriverWait.java:84)
at org.openqa.selenium.support.ui.FluentWait.until(FluentWait.java:228)
at com.notes.base.BasePage.find(BasePage.java:49)
at com.notes.base.BasePage.jsClick(BasePage.java:73)
at com.notes.pages.NotesPage.clickAddNote(NotesPage.java:65)
at com.notes.tests.e2e.UiApiConsistencyTest.lambda$1(UiApiConsistencyTest.java:80)
at io.qameta.allure.Allure.lambda$step$0(Allure.java:113)
at io.qameta.allure.Allure.lambda$step$1(Allure.java:127)
at io.qameta.allure.Allure.step(Allure.java:181)
at io.qameta.allure.Allure.step(Allure.java:125)
at io.qameta.allure.Allure.step(Allure.java:112)
at com.notes.tests.e2e.UiApiConsistencyTest.tc01_uiCreatedNoteMatchesApiResponse(UiApiConsistencyTest.java:78)
at java.base/jdk.internal.reflect.NativeMethodAccessorImpl.invoke0(Native Method)
at java.base/jdk.internal.reflect.NativeMethodAccessorImpl.invoke(NativeMethodAccessorImpl.java:77)
at java.base/jdk.internal.reflect.DelegatingMethodAccessorImpl.invoke(DelegatingMethodAccessorImpl.java:43)
at java.base/java.lang.reflect.Method.invoke(Method.java:569)
at org.testng.internal.invokers.MethodInvocationHelper.invokeMethod(MethodInvocationHelper.java:139)
at org.testng.internal.invokers.TestInvoker.invokeMethod(TestInvoker.java:664)
at org.testng.internal.invokers.TestInvoker.retryFailed(TestInvoker.java:249)
at org.testng.internal.invokers.MethodRunner.runInSequence(MethodRunner.java:76)
at org.testng.internal.invokers.TestInvoker$MethodInvocationAgent.invoke(TestInvoker.java:961)
at org.testng.internal.invokers.TestInvoker.invokeTestMethods(TestInvoker.java:201)
at org.testng.internal.invokers.TestMethodWorker.invokeTestMethods(TestMethodWorker.java:148)
at org.testng.internal.invokers.TestMethodWorker.run(TestMethodWorker.java:128)
at java.base/java.util.concurrent.Executors$RunnableAdapter.call(Executors.java:539)
at java.base/java.util.concurrent.FutureTask.run(FutureTask.java:264)
at org.testng.internal.thread.graph.TestNGFutureTask.run(TestNGFutureTask.java:22)
at java.base/java.util.concurrent.ThreadPoolExecutor.runWorker(ThreadPoolExecutor.java:1136)
at java.base/java.util.concurrent.ThreadPoolExecutor$Worker.run(ThreadPoolExecutor.java:635)
at java.base/java.lang.Thread.run(Thread.java:840)
]]>
    </error>
  </testcase> <!-- tc01_uiCreatedNoteMatchesApiResponse -->
  <testcase classname="com.notes.tests.e2e.UiApiConsistencyTest" name="tc01_uiCreatedNoteMatchesApiResponse" time="63.410">
    <skipped/>
  </testcase> <!-- tc01_uiCreatedNoteMatchesApiResponse -->
  <testcase classname="com.notes.tests.e2e.UiApiConsistencyTest" name="tc01_uiCreatedNoteMatchesApiResponse" time="59.962">
    <skipped/>
  </testcase> <!-- tc01_uiCreatedNoteMatchesApiResponse -->
</testsuite> <!-- com.notes.tests.e2e.UiApiConsistencyTest -->
