<?xml version="1.0" encoding="UTF-8"?>
<!-- Generated by org.testng.reporters.JUnitReportReporter -->
<testsuite hostname="LAPTOP-L4PD6TMF" failures="0" tests="3" name="com.notes.tests.ui.LoginTest" time="127.435" errors="0" timestamp="2026-05-30T18:53:24 IST" skipped="0">
  <testcase classname="com.notes.tests.ui.LoginTest" name="emptyFormShowsValidationError" time="28.993"/>
  <testcase classname="com.notes.tests.ui.LoginTest" name="validLoginNavigatesToDashboard" time="72.261"/>
  <testcase classname="com.notes.tests.ui.LoginTest" name="invalidCredentialsShowError" time="26.181"/>
</testsuite> <!-- com.notes.tests.ui.LoginTest -->
