<?xml version="1.0" encoding="UTF-8"?>
<!-- Generated by org.testng.reporters.JUnitXMLReporter -->
<testsuite ignored="0" hostname="LAPTOP-L4PD6TMF" failures="0" tests="5" name="API-Tests" time="7.167" errors="0" timestamp="2026-05-30T18:50:21 IST">
  <testcase classname="com.notes.tests.api.NotesApiTest" name="getNotesReturns200WithinThreshold" time="0.883"/>
  <testcase classname="com.notes.tests.api.NotesApiTest" name="getNotesWithoutTokenReturns401" time="1.095"/>
  <testcase classname="com.notes.tests.api.NotesApiTest" name="createNoteViaApiReturns200" time="1.148"/>
  <testcase classname="com.notes.tests.api.NotesApiTest" name="deleteNonExistentNoteReturns404" time="0.787"/>
  <testcase classname="com.notes.tests.api.NotesApiTest" name="deleteNoteViaApiReturns200" time="0.844"/>
</testsuite> <!-- API-Tests -->
